{"timestamp":"2026-07-01T02:44:41.374167Z","level":"info","event":"Filling up the DagBag from /opt/airflow/dags/process_wwi_rollback.py","logger":"airflow.models.dagbag.DagBag","filename":"dagbag.py","lineno":593}
{"timestamp":"2026-07-01T02:44:41.831555Z","level":"info","event":"cutoff_date: 2013-01-01 00:00:00","logger":"task.stdout"}
{"timestamp":"2026-07-01T02:44:41.832325Z","level":"info","event":"process_directory: /opt/airflow/notebooks","logger":"task.stdout"}
{"timestamp":"2026-07-01T02:44:41.833783Z","level":"info","event":"sql_utilities_file: /opt/airflow/notebooks/modules/sql_utilities.py","logger":"task.stdout"}
{"timestamp":"2026-07-01T02:44:41.834471Z","level":"info","event":"kernel_name: python3","logger":"task.stdout"}
{"timestamp":"2026-07-01T02:44:41.834934Z","level":"info","event":"no_of_load_tables_per_process: 24","logger":"task.stdout"}
{"timestamp":"2026-07-01T02:44:41.835564Z","level":"info","event":"no_of_warehouse_dimension_tables_per_process: 5","logger":"task.stdout"}
{"timestamp":"2026-07-01T02:44:41.836091Z","level":"info","event":"no_of_warehouse_fact_tables_per_process: 3","logger":"task.stdout"}
{"timestamp":"2026-07-01T02:44:41.836666Z","level":"info","event":"gcp_credential: /opt/airflow/resources/credentials/bigquery_token.json","logger":"task.stdout"}
{"timestamp":"2026-07-01T02:44:48.754957Z","level":"info","event":"load_history_date_data: [{'LoadDate': datetime.datetime(2013, 1, 1, 0, 0), 'Status': 'Successful', 'ProcessedDate': datetime.datetime(2026, 6, 30, 21, 47, 40, 968177), 'ArchivePath': '/opt/airflow/dags/load_wwi_archive/2013-01-01 000000'}]","logger":"task.stdout"}
{"timestamp":"2026-07-01T02:44:48.756410Z","level":"info","event":"warehouse_history_date_data: [{'LoadDate': datetime.datetime(2013, 1, 1, 0, 0), 'Status': 'Successful', 'ProcessedDate': datetime.datetime(2026, 6, 30, 21, 56, 16, 93662), 'ArchivePath': '/opt/airflow/dags/warehouse_wwi_archive/2013-01-01 000000'}]","logger":"task.stdout"}
{"timestamp":"2026-07-01T02:44:48.770996Z","level":"error","event":"Failed to import: /opt/airflow/dags/process_wwi_rollback.py","logger":"airflow.models.dagbag.DagBag","filename":"dagbag.py","lineno":415,"error_detail":[{"exc_type":"FileNotFoundError","exc_value":"[Errno 2] No such file or directory: '/opt/airflow/dags/load_wwi_archive/2013-01-01 000000/load_wwi.json'","exc_notes":[],"syntax_error":null,"is_cause":false,"frames":[{"filename":"/home/airflow/.local/lib/python3.12/site-packages/airflow/models/dagbag.py","lineno":405,"name":"parse"},{"filename":"<frozen importlib._bootstrap_external>","lineno":999,"name":"exec_module"},{"filename":"<frozen importlib._bootstrap>","lineno":488,"name":"_call_with_frames_removed"},{"filename":"/opt/airflow/dags/process_wwi_rollback.py","lineno":229,"name":"<module>"},{"filename":"/opt/airflow/dags/process_wwi_rollback.py","lineno":158,"name":"get_rollback_load_wwi_processes"}],"is_group":false,"exceptions":[]}]}
{"timestamp":"2026-07-01T02:45:19.090713Z","level":"info","event":"Filling up the DagBag from /opt/airflow/dags/process_wwi_rollback.py","logger":"airflow.models.dagbag.DagBag","filename":"dagbag.py","lineno":593}
{"timestamp":"2026-07-01T02:45:19.611577Z","level":"info","event":"cutoff_date: 2013-01-01 00:00:00","logger":"task.stdout"}
{"timestamp":"2026-07-01T02:45:19.612198Z","level":"info","event":"process_directory: /opt/airflow/notebooks","logger":"task.stdout"}
{"timestamp":"2026-07-01T02:45:19.613151Z","level":"info","event":"sql_utilities_file: /opt/airflow/notebooks/modules/sql_utilities.py","logger":"task.stdout"}
{"timestamp":"2026-07-01T02:45:19.613854Z","level":"info","event":"kernel_name: python3","logger":"task.stdout"}
{"timestamp":"2026-07-01T02:45:19.614364Z","level":"info","event":"no_of_load_tables_per_process: 24","logger":"task.stdout"}
{"timestamp":"2026-07-01T02:45:19.614969Z","level":"info","event":"no_of_warehouse_dimension_tables_per_process: 5","logger":"task.stdout"}
{"timestamp":"2026-07-01T02:45:19.615723Z","level":"info","event":"no_of_warehouse_fact_tables_per_process: 3","logger":"task.stdout"}
{"timestamp":"2026-07-01T02:45:19.616610Z","level":"info","event":"gcp_credential: /opt/airflow/resources/credentials/bigquery_token.json","logger":"task.stdout"}
{"timestamp":"2026-07-01T02:45:26.213776Z","level":"info","event":"load_history_date_data: [{'LoadDate': datetime.datetime(2013, 1, 1, 0, 0), 'Status': 'Successful', 'ProcessedDate': datetime.datetime(2026, 6, 30, 21, 47, 40, 968177), 'ArchivePath': '/opt/airflow/dags/load_wwi_archive/2013-01-01 000000'}]","logger":"task.stdout"}
{"timestamp":"2026-07-01T02:45:26.214593Z","level":"info","event":"warehouse_history_date_data: [{'LoadDate': datetime.datetime(2013, 1, 1, 0, 0), 'Status': 'Successful', 'ProcessedDate': datetime.datetime(2026, 6, 30, 21, 56, 16, 93662), 'ArchivePath': '/opt/airflow/dags/warehouse_wwi_archive/2013-01-01 000000'}]","logger":"task.stdout"}
{"timestamp":"2026-07-01T02:45:26.237407Z","level":"error","event":"Failed to import: /opt/airflow/dags/process_wwi_rollback.py","logger":"airflow.models.dagbag.DagBag","filename":"dagbag.py","lineno":415,"error_detail":[{"exc_type":"FileNotFoundError","exc_value":"[Errno 2] No such file or directory: '/opt/airflow/dags/load_wwi_archive/2013-01-01 000000/load_wwi.json'","exc_notes":[],"syntax_error":null,"is_cause":false,"frames":[{"filename":"/home/airflow/.local/lib/python3.12/site-packages/airflow/models/dagbag.py","lineno":405,"name":"parse"},{"filename":"<frozen importlib._bootstrap_external>","lineno":999,"name":"exec_module"},{"filename":"<frozen importlib._bootstrap>","lineno":488,"name":"_call_with_frames_removed"},{"filename":"/opt/airflow/dags/process_wwi_rollback.py","lineno":229,"name":"<module>"},{"filename":"/opt/airflow/dags/process_wwi_rollback.py","lineno":158,"name":"get_rollback_load_wwi_processes"}],"is_group":false,"exceptions":[]}]}
{"timestamp":"2026-07-01T02:45:56.472200Z","level":"info","event":"Filling up the DagBag from /opt/airflow/dags/process_wwi_rollback.py","logger":"airflow.models.dagbag.DagBag","filename":"dagbag.py","lineno":593}
{"timestamp":"2026-07-01T02:45:56.929691Z","level":"info","event":"cutoff_date: 2013-01-01 00:00:00","logger":"task.stdout"}
{"timestamp":"2026-07-01T02:45:56.930364Z","level":"info","event":"process_directory: /opt/airflow/notebooks","logger":"task.stdout"}
{"timestamp":"2026-07-01T02:45:56.931367Z","level":"info","event":"sql_utilities_file: /opt/airflow/notebooks/modules/sql_utilities.py","logger":"task.stdout"}
{"timestamp":"2026-07-01T02:45:56.932277Z","level":"info","event":"kernel_name: python3","logger":"task.stdout"}
{"timestamp":"2026-07-01T02:45:56.932880Z","level":"info","event":"no_of_load_tables_per_process: 24","logger":"task.stdout"}
{"timestamp":"2026-07-01T02:45:56.933519Z","level":"info","event":"no_of_warehouse_dimension_tables_per_process: 5","logger":"task.stdout"}
{"timestamp":"2026-07-01T02:45:56.934106Z","level":"info","event":"no_of_warehouse_fact_tables_per_process: 3","logger":"task.stdout"}
{"timestamp":"2026-07-01T02:45:56.934681Z","level":"info","event":"gcp_credential: /opt/airflow/resources/credentials/bigquery_token.json","logger":"task.stdout"}
{"timestamp":"2026-07-01T02:46:02.160039Z","level":"info","event":"load_history_date_data: [{'LoadDate': datetime.datetime(2013, 1, 1, 0, 0), 'Status': 'Successful', 'ProcessedDate': datetime.datetime(2026, 6, 30, 21, 47, 40, 968177), 'ArchivePath': '/opt/airflow/dags/load_wwi_archive/2013-01-01 000000'}]","logger":"task.stdout"}
{"timestamp":"2026-07-01T02:46:02.160856Z","level":"info","event":"warehouse_history_date_data: [{'LoadDate': datetime.datetime(2013, 1, 1, 0, 0), 'Status': 'Successful', 'ProcessedDate': datetime.datetime(2026, 6, 30, 21, 56, 16, 93662), 'ArchivePath': '/opt/airflow/dags/warehouse_wwi_archive/2013-01-01 000000'}]","logger":"task.stdout"}
{"timestamp":"2026-07-01T02:46:02.167763Z","level":"error","event":"Failed to import: /opt/airflow/dags/process_wwi_rollback.py","logger":"airflow.models.dagbag.DagBag","filename":"dagbag.py","lineno":415,"error_detail":[{"exc_type":"FileNotFoundError","exc_value":"[Errno 2] No such file or directory: '/opt/airflow/dags/load_wwi_archive/2013-01-01 000000/load_wwi.json'","exc_notes":[],"syntax_error":null,"is_cause":false,"frames":[{"filename":"/home/airflow/.local/lib/python3.12/site-packages/airflow/models/dagbag.py","lineno":405,"name":"parse"},{"filename":"<frozen importlib._bootstrap_external>","lineno":999,"name":"exec_module"},{"filename":"<frozen importlib._bootstrap>","lineno":488,"name":"_call_with_frames_removed"},{"filename":"/opt/airflow/dags/process_wwi_rollback.py","lineno":229,"name":"<module>"},{"filename":"/opt/airflow/dags/process_wwi_rollback.py","lineno":158,"name":"get_rollback_load_wwi_processes"}],"is_group":false,"exceptions":[]}]}
{"timestamp":"2026-07-01T02:46:33.071368Z","level":"info","event":"Filling up the DagBag from /opt/airflow/dags/process_wwi_rollback.py","logger":"airflow.models.dagbag.DagBag","filename":"dagbag.py","lineno":593}
{"timestamp":"2026-07-01T02:46:36.100192Z","level":"info","event":"cutoff_date: 2013-01-01 00:00:00","logger":"task.stdout"}
{"timestamp":"2026-07-01T02:46:36.102667Z","level":"info","event":"process_directory: /opt/airflow/notebooks","logger":"task.stdout"}
{"timestamp":"2026-07-01T02:46:36.104019Z","level":"info","event":"sql_utilities_file: /opt/airflow/notebooks/modules/sql_utilities.py","logger":"task.stdout"}
{"timestamp":"2026-07-01T02:46:36.106302Z","level":"info","event":"kernel_name: python3","logger":"task.stdout"}
{"timestamp":"2026-07-01T02:46:36.107447Z","level":"info","event":"no_of_load_tables_per_process: 24","logger":"task.stdout"}
{"timestamp":"2026-07-01T02:46:36.118147Z","level":"info","event":"no_of_warehouse_dimension_tables_per_process: 5","logger":"task.stdout"}
{"timestamp":"2026-07-01T02:46:36.119152Z","level":"info","event":"no_of_warehouse_fact_tables_per_process: 3","logger":"task.stdout"}
{"timestamp":"2026-07-01T02:46:36.120104Z","level":"info","event":"gcp_credential: /opt/airflow/resources/credentials/bigquery_token.json","logger":"task.stdout"}
{"timestamp":"2026-07-01T02:46:45.033059Z","level":"info","event":"load_history_date_data: [{'LoadDate': datetime.datetime(2013, 1, 1, 0, 0), 'Status': 'Successful', 'ProcessedDate': datetime.datetime(2026, 6, 30, 21, 47, 40, 968177), 'ArchivePath': '/opt/airflow/dags/load_wwi_archive/2013-01-01 000000'}]","logger":"task.stdout"}
{"timestamp":"2026-07-01T02:46:45.035229Z","level":"info","event":"warehouse_history_date_data: [{'LoadDate': datetime.datetime(2013, 1, 1, 0, 0), 'Status': 'Successful', 'ProcessedDate': datetime.datetime(2026, 6, 30, 21, 56, 16, 93662), 'ArchivePath': '/opt/airflow/dags/warehouse_wwi_archive/2013-01-01 000000'}]","logger":"task.stdout"}
{"timestamp":"2026-07-01T02:46:45.054824Z","level":"error","event":"Failed to import: /opt/airflow/dags/process_wwi_rollback.py","logger":"airflow.models.dagbag.DagBag","filename":"dagbag.py","lineno":415,"error_detail":[{"exc_type":"FileNotFoundError","exc_value":"[Errno 2] No such file or directory: '/opt/airflow/dags/load_wwi_archive/2013-01-01 000000/load_wwi.json'","exc_notes":[],"syntax_error":null,"is_cause":false,"frames":[{"filename":"/home/airflow/.local/lib/python3.12/site-packages/airflow/models/dagbag.py","lineno":405,"name":"parse"},{"filename":"<frozen importlib._bootstrap_external>","lineno":999,"name":"exec_module"},{"filename":"<frozen importlib._bootstrap>","lineno":488,"name":"_call_with_frames_removed"},{"filename":"/opt/airflow/dags/process_wwi_rollback.py","lineno":229,"name":"<module>"},{"filename":"/opt/airflow/dags/process_wwi_rollback.py","lineno":158,"name":"get_rollback_load_wwi_processes"}],"is_group":false,"exceptions":[]}]}
{"timestamp":"2026-07-01T02:47:15.750858Z","level":"info","event":"Filling up the DagBag from /opt/airflow/dags/process_wwi_rollback.py","logger":"airflow.models.dagbag.DagBag","filename":"dagbag.py","lineno":593}
{"timestamp":"2026-07-01T02:47:16.484177Z","level":"info","event":"cutoff_date: 2013-01-01 00:00:00","logger":"task.stdout"}
{"timestamp":"2026-07-01T02:47:16.484899Z","level":"info","event":"process_directory: /opt/airflow/notebooks","logger":"task.stdout"}
{"timestamp":"2026-07-01T02:47:16.485669Z","level":"info","event":"sql_utilities_file: /opt/airflow/notebooks/modules/sql_utilities.py","logger":"task.stdout"}
{"timestamp":"2026-07-01T02:47:16.486294Z","level":"info","event":"kernel_name: python3","logger":"task.stdout"}
{"timestamp":"2026-07-01T02:47:16.487038Z","level":"info","event":"no_of_load_tables_per_process: 24","logger":"task.stdout"}
{"timestamp":"2026-07-01T02:47:16.487592Z","level":"info","event":"no_of_warehouse_dimension_tables_per_process: 5","logger":"task.stdout"}
{"timestamp":"2026-07-01T02:47:16.488572Z","level":"info","event":"no_of_warehouse_fact_tables_per_process: 3","logger":"task.stdout"}
{"timestamp":"2026-07-01T02:47:16.489368Z","level":"info","event":"gcp_credential: /opt/airflow/resources/credentials/bigquery_token.json","logger":"task.stdout"}
{"timestamp":"2026-07-01T02:47:21.904542Z","level":"info","event":"load_history_date_data: [{'LoadDate': datetime.datetime(2013, 1, 1, 0, 0), 'Status': 'Successful', 'ProcessedDate': datetime.datetime(2026, 6, 30, 21, 47, 40, 968177), 'ArchivePath': '/opt/airflow/dags/load_wwi_archive/2013-01-01 000000'}]","logger":"task.stdout"}
{"timestamp":"2026-07-01T02:47:21.905507Z","level":"info","event":"warehouse_history_date_data: [{'LoadDate': datetime.datetime(2013, 1, 1, 0, 0), 'Status': 'Successful', 'ProcessedDate': datetime.datetime(2026, 6, 30, 21, 56, 16, 93662), 'ArchivePath': '/opt/airflow/dags/warehouse_wwi_archive/2013-01-01 000000'}]","logger":"task.stdout"}
{"timestamp":"2026-07-01T02:47:21.923016Z","level":"error","event":"Failed to import: /opt/airflow/dags/process_wwi_rollback.py","logger":"airflow.models.dagbag.DagBag","filename":"dagbag.py","lineno":415,"error_detail":[{"exc_type":"FileNotFoundError","exc_value":"[Errno 2] No such file or directory: '/opt/airflow/dags/load_wwi_archive/2013-01-01 000000/load_wwi.json'","exc_notes":[],"syntax_error":null,"is_cause":false,"frames":[{"filename":"/home/airflow/.local/lib/python3.12/site-packages/airflow/models/dagbag.py","lineno":405,"name":"parse"},{"filename":"<frozen importlib._bootstrap_external>","lineno":999,"name":"exec_module"},{"filename":"<frozen importlib._bootstrap>","lineno":488,"name":"_call_with_frames_removed"},{"filename":"/opt/airflow/dags/process_wwi_rollback.py","lineno":229,"name":"<module>"},{"filename":"/opt/airflow/dags/process_wwi_rollback.py","lineno":158,"name":"get_rollback_load_wwi_processes"}],"is_group":false,"exceptions":[]}]}
{"timestamp":"2026-07-01T02:47:52.181293Z","level":"info","event":"Filling up the DagBag from /opt/airflow/dags/process_wwi_rollback.py","logger":"airflow.models.dagbag.DagBag","filename":"dagbag.py","lineno":593}
{"timestamp":"2026-07-01T02:47:52.684556Z","level":"info","event":"cutoff_date: 2013-01-01 00:00:00","logger":"task.stdout"}
{"timestamp":"2026-07-01T02:47:52.685462Z","level":"info","event":"process_directory: /opt/airflow/notebooks","logger":"task.stdout"}
{"timestamp":"2026-07-01T02:47:52.686371Z","level":"info","event":"sql_utilities_file: /opt/airflow/notebooks/modules/sql_utilities.py","logger":"task.stdout"}
{"timestamp":"2026-07-01T02:47:52.687039Z","level":"info","event":"kernel_name: python3","logger":"task.stdout"}
{"timestamp":"2026-07-01T02:47:52.687605Z","level":"info","event":"no_of_load_tables_per_process: 24","logger":"task.stdout"}
{"timestamp":"2026-07-01T02:47:52.688228Z","level":"info","event":"no_of_warehouse_dimension_tables_per_process: 5","logger":"task.stdout"}
{"timestamp":"2026-07-01T02:47:52.688788Z","level":"info","event":"no_of_warehouse_fact_tables_per_process: 3","logger":"task.stdout"}
{"timestamp":"2026-07-01T02:47:52.689282Z","level":"info","event":"gcp_credential: /opt/airflow/resources/credentials/bigquery_token.json","logger":"task.stdout"}
{"timestamp":"2026-07-01T02:47:59.098348Z","level":"info","event":"load_history_date_data: [{'LoadDate': datetime.datetime(2013, 1, 1, 0, 0), 'Status': 'Successful', 'ProcessedDate': datetime.datetime(2026, 6, 30, 21, 47, 40, 968177), 'ArchivePath': '/opt/airflow/dags/load_wwi_archive/2013-01-01 000000'}]","logger":"task.stdout"}
{"timestamp":"2026-07-01T02:47:59.101726Z","level":"info","event":"warehouse_history_date_data: [{'LoadDate': datetime.datetime(2013, 1, 1, 0, 0), 'Status': 'Successful', 'ProcessedDate': datetime.datetime(2026, 6, 30, 21, 56, 16, 93662), 'ArchivePath': '/opt/airflow/dags/warehouse_wwi_archive/2013-01-01 000000'}]","logger":"task.stdout"}
{"timestamp":"2026-07-01T02:47:59.108918Z","level":"error","event":"Failed to import: /opt/airflow/dags/process_wwi_rollback.py","logger":"airflow.models.dagbag.DagBag","filename":"dagbag.py","lineno":415,"error_detail":[{"exc_type":"FileNotFoundError","exc_value":"[Errno 2] No such file or directory: '/opt/airflow/dags/load_wwi_archive/2013-01-01 000000/load_wwi.json'","exc_notes":[],"syntax_error":null,"is_cause":false,"frames":[{"filename":"/home/airflow/.local/lib/python3.12/site-packages/airflow/models/dagbag.py","lineno":405,"name":"parse"},{"filename":"<frozen importlib._bootstrap_external>","lineno":999,"name":"exec_module"},{"filename":"<frozen importlib._bootstrap>","lineno":488,"name":"_call_with_frames_removed"},{"filename":"/opt/airflow/dags/process_wwi_rollback.py","lineno":229,"name":"<module>"},{"filename":"/opt/airflow/dags/process_wwi_rollback.py","lineno":158,"name":"get_rollback_load_wwi_processes"}],"is_group":false,"exceptions":[]}]}
{"timestamp":"2026-07-01T02:48:29.760368Z","level":"info","event":"Filling up the DagBag from /opt/airflow/dags/process_wwi_rollback.py","logger":"airflow.models.dagbag.DagBag","filename":"dagbag.py","lineno":593}
{"timestamp":"2026-07-01T02:48:30.861568Z","level":"info","event":"cutoff_date: 2013-01-01 00:00:00","logger":"task.stdout"}
{"timestamp":"2026-07-01T02:48:30.862663Z","level":"info","event":"process_directory: /opt/airflow/notebooks","logger":"task.stdout"}
{"timestamp":"2026-07-01T02:48:30.863607Z","level":"info","event":"sql_utilities_file: /opt/airflow/notebooks/modules/sql_utilities.py","logger":"task.stdout"}
{"timestamp":"2026-07-01T02:48:30.864556Z","level":"info","event":"kernel_name: python3","logger":"task.stdout"}
{"timestamp":"2026-07-01T02:48:30.865563Z","level":"info","event":"no_of_load_tables_per_process: 24","logger":"task.stdout"}
{"timestamp":"2026-07-01T02:48:30.866805Z","level":"info","event":"no_of_warehouse_dimension_tables_per_process: 5","logger":"task.stdout"}
{"timestamp":"2026-07-01T02:48:30.867846Z","level":"info","event":"no_of_warehouse_fact_tables_per_process: 3","logger":"task.stdout"}
{"timestamp":"2026-07-01T02:48:30.868668Z","level":"info","event":"gcp_credential: /opt/airflow/resources/credentials/bigquery_token.json","logger":"task.stdout"}
{"timestamp":"2026-07-01T02:48:36.873545Z","level":"info","event":"load_history_date_data: [{'LoadDate': datetime.datetime(2013, 1, 1, 0, 0), 'Status': 'Successful', 'ProcessedDate': datetime.datetime(2026, 6, 30, 21, 47, 40, 968177), 'ArchivePath': '/opt/airflow/dags/load_wwi_archive/2013-01-01 000000'}]","logger":"task.stdout"}
{"timestamp":"2026-07-01T02:48:36.874587Z","level":"info","event":"warehouse_history_date_data: [{'LoadDate': datetime.datetime(2013, 1, 1, 0, 0), 'Status': 'Successful', 'ProcessedDate': datetime.datetime(2026, 6, 30, 21, 56, 16, 93662), 'ArchivePath': '/opt/airflow/dags/warehouse_wwi_archive/2013-01-01 000000'}]","logger":"task.stdout"}
{"timestamp":"2026-07-01T02:48:36.891293Z","level":"error","event":"Failed to import: /opt/airflow/dags/process_wwi_rollback.py","logger":"airflow.models.dagbag.DagBag","filename":"dagbag.py","lineno":415,"error_detail":[{"exc_type":"FileNotFoundError","exc_value":"[Errno 2] No such file or directory: '/opt/airflow/dags/load_wwi_archive/2013-01-01 000000/load_wwi.json'","exc_notes":[],"syntax_error":null,"is_cause":false,"frames":[{"filename":"/home/airflow/.local/lib/python3.12/site-packages/airflow/models/dagbag.py","lineno":405,"name":"parse"},{"filename":"<frozen importlib._bootstrap_external>","lineno":999,"name":"exec_module"},{"filename":"<frozen importlib._bootstrap>","lineno":488,"name":"_call_with_frames_removed"},{"filename":"/opt/airflow/dags/process_wwi_rollback.py","lineno":229,"name":"<module>"},{"filename":"/opt/airflow/dags/process_wwi_rollback.py","lineno":158,"name":"get_rollback_load_wwi_processes"}],"is_group":false,"exceptions":[]}]}
